<?xml version="1.0" encoding="UTF-8"?>
<!-- Generated by org.testng.reporters.JUnitXMLReporter -->
<testsuite ignored="0" hostname="DESKTOP-CD8JFBV" failures="2" tests="5" name="Test" time="16.936" errors="0" timestamp="2024-10-22T08:59:45 IST">
  <testcase classname="ExtentReportBasic.Testing5" name="main5" time="0.011"/>
  <testcase classname="ExtentReportBasic.Testing4" name="main4" time="0.003"/>
  <testcase classname="ExtentReportBasic.Testing1" name="main1" time="0.01">
    <failure type="java.lang.AssertionError" message="expected [mobil] but found [mobile]">
      <![CDATA[java.lang.AssertionError: expected [mobil] but found [mobile]
at ExtentReportBasic.Testing1.main1(Testing1.java:16)
at java.base/java.util.ArrayList.forEach(ArrayList.java:1597)
... Removed 31 stack frames]]>
    </failure>
  </testcase> <!-- main1 -->
  <testcase classname="ExtentReportBasic.Testing3" name="main3" time="0.001"/>
  <testcase classname="ExtentReportBasic.Testing2" name="main2" time="0.001">
    <failure type="java.lang.AssertionError" message="expected [Thar] but found [thor]">
      <![CDATA[java.lang.AssertionError: expected [Thar] but found [thor]
at ExtentReportBasic.Testing2.main2(Testing2.java:14)
at java.base/java.util.ArrayList.forEach(ArrayList.java:1597)
... Removed 31 stack frames]]>
    </failure>
  </testcase> <!-- main2 -->
</testsuite> <!-- Test -->
